Arguments: 
  /Users/nv/.nvm/versions/node/v16.15.0/bin/node /Users/nv/.yarn/bin/yarn.js add typescript

PATH: 
  /Users/nv/.yarn/bin:/Users/nv/.config/yarn/global/node_modules/.bin:/opt/homebrew/bin:/opt/homebrew/sbin:/Users/nv/.nvm/versions/node/v16.15.0/bin:/Users/nv/.npm-global/bin:/usr/local/bin:/usr/bin:/bin:/usr/sbin:/sbin:/Library/Apple/usr/bin:/Users/nv/.yarn/bin:/Users/nv/.config/yarn/global/node_modules/.bin:/Users/nv/.cargo/bin:/opt/homebrew/bin:/opt/homebrew/sbin:/Users/nv/.nvm/versions/node/v16.15.0/bin:/Users/nv/.npm-global/bin

Yarn version: 
  1.22.19

Node version: 
  16.15.0

Platform: 
  darwin arm64

Trace: 
  Error: getaddrinfo ENOTFOUND registry.yarnpkg.com
      at GetAddrInfoReqWrap.onlookup [as oncomplete] (node:dns:71:26)

npm manifest: 
  {
    "name": "ubiquibot",
    "version": "1.0.0",
    "private": true,
    "description": "A Probot app",
    "author": "Ubiquity DAO",
    "license": "ISC",
    "homepage": "https://github.com//",
    "keywords": [
      "probot",
      "github",
      "probot-app"
    ],
    "scripts": {
      "build": "tsc",
      "start": "probot run ./lib/index.js",
      "test": "jest"
    },
    "dependencies": {
      "probot": "^12.2.4"
    },
    "devDependencies": {
      "@types/jest": "^28.1.0",
      "@types/node": "^18.0.0",
      "jest": "^26.6.3",
      "nock": "^13.0.5",
      "smee-client": "^1.2.2",
      "ts-jest": "^26.4.4",
      "typescript": "^4.1.3"
    },
    "engines": {
      "node": ">= 10.13.0"
    }
  }

yarn manifest: 
  No manifest

Lockfile: 
  No lockfile
